<?xml version="1.0" encoding="UTF-8"?>
<!-- Generated by org.testng.reporters.JUnitReportReporter -->
<testsuite hostname="Rajus-MacBook-Pro.local" failures="0" tests="1" name="com.upgrade.tests.LoanOffersUITest2" time="200.863" errors="1" timestamp="2021-08-19T11:53:04 EDT" skipped="0">
  <testcase classname="com.upgrade.tests.LoanOffersUITest2" name="validateOffersTest" time="200.863">
    <error message="org.openqa.selenium.TimeoutException: Expected condition failed: waiting for visibility of Proxy element for: DefaultElementLocator &#039;By.cssSelector: [data-auto=&#039;getDefaultLoan&#039;]&#039; (tried for 60 second(s) with 1000 milliseconds interval)" type="java.lang.RuntimeException">
      <![CDATA[java.lang.RuntimeException: org.openqa.selenium.TimeoutException: Expected condition failed: waiting for visibility of Proxy element for: DefaultElementLocator 'By.cssSelector: [data-auto='getDefaultLoan']' (tried for 60 second(s) with 1000 milliseconds interval)
at com.upgrade.pages.BasePage.waitForWebElements(BasePage.java:80)
at com.upgrade.pages.SelectOfferPage.<init>(SelectOfferPage.java:18)
at com.upgrade.pages.LoginInfoPage.enterLoginDetails(LoginInfoPage.java:69)
at com.upgrade.tests.LoanOffersUITest2.validateOffersTest(LoanOffersUITest2.java:34)
at java.base/jdk.internal.reflect.NativeMethodAccessorImpl.invoke0(Native Method)
at java.base/jdk.internal.reflect.NativeMethodAccessorImpl.invoke(NativeMethodAccessorImpl.java:62)
at java.base/jdk.internal.reflect.DelegatingMethodAccessorImpl.invoke(DelegatingMethodAccessorImpl.java:43)
at java.base/java.lang.reflect.Method.invoke(Method.java:566)
at org.testng.internal.MethodInvocationHelper.invokeMethod(MethodInvocationHelper.java:134)
at org.testng.internal.TestInvoker.invokeMethod(TestInvoker.java:597)
at org.testng.internal.TestInvoker.invokeTestMethod(TestInvoker.java:173)
at org.testng.internal.MethodRunner.runInSequence(MethodRunner.java:46)
at org.testng.internal.TestInvoker$MethodInvocationAgent.invoke(TestInvoker.java:816)
at org.testng.internal.TestInvoker.invokeTestMethods(TestInvoker.java:146)
at org.testng.internal.TestMethodWorker.invokeTestMethods(TestMethodWorker.java:146)
at org.testng.internal.TestMethodWorker.run(TestMethodWorker.java:128)
at java.base/java.util.ArrayList.forEach(ArrayList.java:1541)
at org.testng.TestRunner.privateRun(TestRunner.java:766)
at org.testng.TestRunner.run(TestRunner.java:587)
at org.testng.SuiteRunner.runTest(SuiteRunner.java:384)
at org.testng.SuiteRunner.runSequentially(SuiteRunner.java:378)
at org.testng.SuiteRunner.privateRun(SuiteRunner.java:337)
at org.testng.SuiteRunner.run(SuiteRunner.java:286)
at org.testng.SuiteRunnerWorker.runSuite(SuiteRunnerWorker.java:53)
at org.testng.SuiteRunnerWorker.run(SuiteRunnerWorker.java:96)
at org.testng.TestNG.runSuitesSequentially(TestNG.java:1187)
at org.testng.TestNG.runSuitesLocally(TestNG.java:1109)
at org.testng.TestNG.runSuites(TestNG.java:1039)
at org.testng.TestNG.run(TestNG.java:1007)
at org.testng.remote.AbstractRemoteTestNG.run(AbstractRemoteTestNG.java:115)
at org.testng.remote.RemoteTestNG.initAndRun(RemoteTestNG.java:251)
at org.testng.remote.RemoteTestNG.main(RemoteTestNG.java:77)
Caused by: org.openqa.selenium.TimeoutException: Expected condition failed: waiting for visibility of Proxy element for: DefaultElementLocator 'By.cssSelector: [data-auto='getDefaultLoan']' (tried for 60 second(s) with 1000 milliseconds interval)
at org.openqa.selenium.support.ui.WebDriverWait.timeoutException(WebDriverWait.java:95)
at org.openqa.selenium.support.ui.FluentWait.until(FluentWait.java:272)
at com.upgrade.pages.BasePage.waitForWebElements(BasePage.java:77)
... 31 more
Caused by: org.openqa.selenium.NoSuchElementException: no such element: Unable to locate element: {"method":"css selector","selector":"[data-auto='getDefaultLoan']"}
  (Session info: chrome=92.0.4515.159)
For documentation on this error, please visit: https://www.seleniumhq.org/exceptions/no_such_element.html
Build info: version: '3.141.59', revision: 'e82be7d358', time: '2018-11-14T08:17:03'
System info: host: 'Rajus-MacBook-Pro.local', ip: 'fe80:0:0:0:a2:4f72:a5a0:3508%en0', os.name: 'Mac OS X', os.arch: 'x86_64', os.version: '11.5', java.version: '11.0.12'
Driver info: org.openqa.selenium.chrome.ChromeDriver
Capabilities {acceptInsecureCerts: false, browserName: chrome, browserVersion: 92.0.4515.159, chrome: {chromedriverVersion: 92.0.4515.107 (87a818b10553..., userDataDir: /var/folders/0t/n2sjg3qx7w1...}, goog:chromeOptions: {debuggerAddress: localhost:50765}, javascriptEnabled: true, networkConnectionEnabled: false, pageLoadStrategy: normal, platform: MAC, platformName: MAC, proxy: Proxy(), setWindowRect: true, strictFileInteractability: false, timeouts: {implicit: 0, pageLoad: 300000, script: 30000}, unhandledPromptBehavior: dismiss and notify, webauthn:extension:credBlob: true, webauthn:extension:largeBlob: true, webauthn:virtualAuthenticators: true}
Session ID: e7b3deaea65fbff3820ae221de9e2a28
*** Element info: {Using=css selector, value=[data-auto='getDefaultLoan']}
at java.base/jdk.internal.reflect.NativeConstructorAccessorImpl.newInstance0(Native Method)
at java.base/jdk.internal.reflect.NativeConstructorAccessorImpl.newInstance(NativeConstructorAccessorImpl.java:62)
at java.base/jdk.internal.reflect.DelegatingConstructorAccessorImpl.newInstance(DelegatingConstructorAccessorImpl.java:45)
at java.base/java.lang.reflect.Constructor.newInstance(Constructor.java:490)
at org.openqa.selenium.remote.http.W3CHttpResponseCodec.createException(W3CHttpResponseCodec.java:187)
at org.openqa.selenium.remote.http.W3CHttpResponseCodec.decode(W3CHttpResponseCodec.java:122)
at org.openqa.selenium.remote.http.W3CHttpResponseCodec.decode(W3CHttpResponseCodec.java:49)
at org.openqa.selenium.remote.HttpCommandExecutor.execute(HttpCommandExecutor.java:158)
at org.openqa.selenium.remote.service.DriverCommandExecutor.execute(DriverCommandExecutor.java:83)
at org.openqa.selenium.remote.RemoteWebDriver.execute(RemoteWebDriver.java:552)
at org.openqa.selenium.remote.RemoteWebDriver.findElement(RemoteWebDriver.java:323)
at org.openqa.selenium.remote.RemoteWebDriver.findElementByCssSelector(RemoteWebDriver.java:420)
at org.openqa.selenium.By$ByCssSelector.findElement(By.java:431)
at org.openqa.selenium.remote.RemoteWebDriver.findElement(RemoteWebDriver.java:315)
at org.openqa.selenium.support.pagefactory.DefaultElementLocator.findElement(DefaultElementLocator.java:69)
at org.openqa.selenium.support.pagefactory.internal.LocatingElementHandler.invoke(LocatingElementHandler.java:38)
at com.sun.proxy.$Proxy13.isDisplayed(Unknown Source)
at org.openqa.selenium.support.ui.ExpectedConditions.elementIfVisible(ExpectedConditions.java:314)
at org.openqa.selenium.support.ui.ExpectedConditions.access$000(ExpectedConditions.java:43)
at org.openqa.selenium.support.ui.ExpectedConditions$10.apply(ExpectedConditions.java:300)
at org.openqa.selenium.support.ui.ExpectedConditions$10.apply(ExpectedConditions.java:297)
at org.openqa.selenium.support.ui.FluentWait.until(FluentWait.java:249)
... 32 more
]]>
    </error>
  </testcase> <!-- validateOffersTest -->
  <system-out>
2021-08-19 11:49:46 INFO  LandingPage:38 - Navigate to - https://www.credify.tech/funnel/nonDMFunnel
<p> 2021-08-19 11:49:49 INFO  BasePage:69 - Looking for mandatory elements on the page
<p> 2021-08-19 11:49:49 INFO  BasePage:37 - Setting desiredAmount to value 7956
<p> 2021-08-19 11:49:49 INFO  BasePage:65 - Selected Home Improvement from the dropdown
<p> 2021-08-19 11:49:49 INFO  BasePage:147 - Clicking On: CheckYourRate
<p> 2021-08-19 11:49:49 INFO  BasePage:69 - Looking for mandatory elements on the page
<p> 2021-08-19 11:49:49 INFO  BasePage:37 - Setting borrowerFirstName to value Guadalupe
<p> 2021-08-19 11:49:50 INFO  BasePage:37 - Setting borrowerLastName to value Howe
<p> 2021-08-19 11:49:50 INFO  BasePage:37 - Setting borrowerStreet to value 14572 Nicki Dam
<p> 2021-08-19 11:49:51 INFO  BasePage:147 - Clicking On: borrowerFirstName
<p> 2021-08-19 11:49:51 INFO  BasePage:37 - Setting borrowerCity to value New Araceli
<p> 2021-08-19 11:49:51 INFO  BasePage:37 - Setting borrowerState to value CA
<p> 2021-08-19 11:49:51 INFO  BasePage:37 - Setting borrowerZipCode to value 27359-3388
<p> 2021-08-19 11:49:52 INFO  BasePage:37 - Setting borrowerDateOfBirth to value 03131989
<p> 2021-08-19 11:49:52 INFO  BasePage:147 - Clicking On: continuePersonalInfo
<p> 2021-08-19 11:49:52 INFO  BasePage:69 - Looking for mandatory elements on the page
<p> 2021-08-19 11:49:52 INFO  BasePage:37 - Setting borrowerIncome to value 454
<p> 2021-08-19 11:49:52 INFO  BasePage:147 - Clicking On: borrowerAdditionalIncome
<p> 2021-08-19 11:49:52 INFO  BasePage:147 - Clicking On: confirmIncome
<p> 2021-08-19 11:49:52 INFO  BasePage:37 - Setting borrowerAdditionalIncome to value 366
<p> 2021-08-19 11:49:52 INFO  BasePage:147 - Clicking On: continuePersonalInfo
<p> 2021-08-19 11:49:52 INFO  BasePage:69 - Looking for mandatory elements on the page
<p> 2021-08-19 11:49:53 INFO  BasePage:37 - Setting username to value coding.16105618@upgrade-challenge.com
<p> 2021-08-19 11:49:53 INFO  BasePage:37 - Setting password to value System@987
<p> 2021-08-19 11:49:53 INFO  BasePage:147 - Clicking On: agreements
<p> 2021-08-19 11:49:53 INFO  BasePage:100 - Waiting for spinner to appear
<p> 2021-08-19 11:49:53 INFO  BasePage:147 - Clicking On: submitPersonalInfo
<p> 2021-08-19 11:50:01 INFO  BasePage:147 - Clicking On: click here
<p> 2021-08-19 11:50:04 INFO  BasePage:147 - Clicking On: 
<p> 2021-08-19 11:50:04 INFO  BasePage:69 - Looking for mandatory elements on the page
<p> 2021-08-19 11:53:04 INFO  BasePage:79 - Couldnt verify visibility of the element: Proxy element for: DefaultElementLocator 'By.cssSelector: [data-auto='getDefaultLoan']'
<p>  </system-out>
</testsuite> <!-- com.upgrade.tests.LoanOffersUITest2 -->
